        -:    0:Source:reply.h
        -:    0:Graph:webserver.gcno
        -:    0:Data:webserver.gcda
        -:    0:Runs:1
        -:    0:Programs:1
        -:    1:#ifndef REPLY_H
        -:    2:#define REPLY_H
        -:    3:
        -:    4:#include <boost/asio.hpp>
        -:    5:#include <string>
        -:    6:#include <memory>
        -:    7:#include <iostream>
        -:    8:#include <cstdlib>
        -:    9:#include <utility>
        -:   10:
        -:   11:
        -:   12:using namespace boost;
        -:   13:using namespace boost::system;
        -:   14:using namespace boost::asio;
        -:   15:
    #####:   16:class http_headers
        -:   17:{
        -:   18:   std::string method;
        -:   19:   std::string url;
        -:   20:   std::string version;
        -:   21:   
        -:   22:   std::map<std::string, std::string> headers;
        -:   23:
        -:   24:public:
        -:   25:   
        -:   26:   std::string get_response(std::string echoback);
        -:   27:   
        -:   28:   int content_length();
        -:   29:   
        -:   30:   std::string read_header(std::string line);
        -:   31:   
        -:   32:   std::string read_request_line(std::string line);
        -:   33:
        -:   34:   bool setMap(std::map<std::string, std::string> m);
        -:   35:
        -:   36:   
        -:   37:};
        -:   38:
        -:   39:#endif // REPLY_H
